[WARN] 2013-10-13 00:00:14,674 org.hibernate.mapping.RootClass checkCompositeIdentifier - composite-id class does not override equals(): com.bank.domain.BalanceHistoryKey
[WARN] 2013-10-13 00:00:14,690 org.hibernate.mapping.RootClass checkCompositeIdentifier - composite-id class does not override hashCode(): com.bank.domain.BalanceHistoryKey
[WARN] 2013-10-13 00:00:14,691 org.hibernate.mapping.RootClass checkCompositeIdentifier - composite-id class does not override equals(): com.bank.domain.TransferAccountsKey
[WARN] 2013-10-13 00:00:14,692 org.hibernate.mapping.RootClass checkCompositeIdentifier - composite-id class does not override hashCode(): com.bank.domain.TransferAccountsKey
[ERROR] 2013-10-13 00:00:15,882 org.hibernate.tool.hbm2ddl.SchemaUpdate execute - Unsuccessful: alter table ADDRESSES add index FKDA388B82C7C83E92 (USER_ID), add constraint FKDA388B82C7C83E92 foreign key (USER_ID) references CUSTOMER (USER_ID)
[ERROR] 2013-10-13 00:00:15,883 org.hibernate.tool.hbm2ddl.SchemaUpdate execute - Cannot add or update a child row: a foreign key constraint fails (`bank`.`#sql-bd4_1a`, CONSTRAINT `FKDA388B82C7C83E92` FOREIGN KEY (`user_id`) REFERENCES `customer` (`user_id`))
[ERROR] 2013-10-13 00:00:15,901 org.hibernate.tool.hbm2ddl.SchemaUpdate execute - Unsuccessful: alter table BALANCE_HISTORY add index account_number (account_number), add constraint account_number foreign key (account_number) references ACCOUNTS (ACCOUNT_ID)
[ERROR] 2013-10-13 00:00:15,903 org.hibernate.tool.hbm2ddl.SchemaUpdate execute - Can't create table 'bank.#sql-bd4_1a' (errno: 150)
[ERROR] 2013-10-13 00:00:15,921 org.hibernate.tool.hbm2ddl.SchemaUpdate execute - Unsuccessful: alter table TRANSACTIONS add index FKFE9871554FB2464A (account_ACCOUNT_ID), add constraint FKFE9871554FB2464A foreign key (account_ACCOUNT_ID) references ACCOUNTS (ACCOUNT_ID)
[ERROR] 2013-10-13 00:00:15,923 org.hibernate.tool.hbm2ddl.SchemaUpdate execute - Can't create table 'bank.#sql-bd4_1a' (errno: 150)
[WARN] 2013-10-13 00:07:55,544 org.hibernate.mapping.RootClass checkCompositeIdentifier - composite-id class does not override equals(): com.bank.domain.BalanceHistoryKey
[WARN] 2013-10-13 00:07:55,546 org.hibernate.mapping.RootClass checkCompositeIdentifier - composite-id class does not override hashCode(): com.bank.domain.BalanceHistoryKey
[WARN] 2013-10-13 00:07:55,548 org.hibernate.mapping.RootClass checkCompositeIdentifier - composite-id class does not override equals(): com.bank.domain.TransferAccountsKey
[WARN] 2013-10-13 00:07:55,548 org.hibernate.mapping.RootClass checkCompositeIdentifier - composite-id class does not override hashCode(): com.bank.domain.TransferAccountsKey
[ERROR] 2013-10-13 00:07:56,309 org.hibernate.tool.hbm2ddl.SchemaUpdate execute - Unsuccessful: alter table ADDRESSES add index FKDA388B82C7C83E92 (USER_ID), add constraint FKDA388B82C7C83E92 foreign key (USER_ID) references CUSTOMER (USER_ID)
[ERROR] 2013-10-13 00:07:56,310 org.hibernate.tool.hbm2ddl.SchemaUpdate execute - Cannot add or update a child row: a foreign key constraint fails (`bank`.`#sql-bd4_1b`, CONSTRAINT `FKDA388B82C7C83E92` FOREIGN KEY (`user_id`) REFERENCES `customer` (`user_id`))
[ERROR] 2013-10-13 00:07:56,316 org.hibernate.tool.hbm2ddl.SchemaUpdate execute - Unsuccessful: alter table BALANCE_HISTORY add index account_number (account_number), add constraint account_number foreign key (account_number) references ACCOUNTS (ACCOUNT_ID)
[ERROR] 2013-10-13 00:07:56,317 org.hibernate.tool.hbm2ddl.SchemaUpdate execute - Can't create table 'bank.#sql-bd4_1b' (errno: 150)
[ERROR] 2013-10-13 00:07:56,324 org.hibernate.tool.hbm2ddl.SchemaUpdate execute - Unsuccessful: alter table TRANSACTIONS add index FKFE9871554FB2464A (account_ACCOUNT_ID), add constraint FKFE9871554FB2464A foreign key (account_ACCOUNT_ID) references ACCOUNTS (ACCOUNT_ID)
[ERROR] 2013-10-13 00:07:56,324 org.hibernate.tool.hbm2ddl.SchemaUpdate execute - Can't create table 'bank.#sql-bd4_1b' (errno: 150)
